[2021-01-14 21:34:01Z INFO HostContext] No proxy settings were found based on environmental variables (http_proxy/https_proxy/HTTP_PROXY/HTTPS_PROXY)
[2021-01-14 21:34:01Z INFO HostContext] Well known directory 'Bin': '/home/pedro/Develop/teste-Actions/deploy/bin'
[2021-01-14 21:34:01Z INFO HostContext] Well known directory 'Root': '/home/pedro/Develop/teste-Actions/deploy'
[2021-01-14 21:34:01Z INFO HostContext] Well known config file 'Credentials': '/home/pedro/Develop/teste-Actions/deploy/.credentials'
[2021-01-14 21:34:02Z INFO Listener] Runner is built for Linux (X64) - linux-x64.
[2021-01-14 21:34:02Z INFO Listener] RuntimeInformation: Linux 5.4.70-amd64-desktop #1 SMP Wed Oct 14 15:24:23 CST 2020.
[2021-01-14 21:34:02Z INFO Listener] Version: 2.275.1
[2021-01-14 21:34:02Z INFO Listener] Commit: de955418e4e8e0c51546a8495d9236f24edc1321
[2021-01-14 21:34:02Z INFO Listener] Culture: pt-BR
[2021-01-14 21:34:02Z INFO Listener] UI Culture: pt-BR
[2021-01-14 21:34:02Z INFO HostContext] Well known directory 'Bin': '/home/pedro/Develop/teste-Actions/deploy/bin'
[2021-01-14 21:34:02Z INFO HostContext] Well known directory 'Root': '/home/pedro/Develop/teste-Actions/deploy'
[2021-01-14 21:34:02Z INFO Listener] Validating directory permissions for: '/home/pedro/Develop/teste-Actions/deploy'
[2021-01-14 21:34:02Z INFO CommandLineParser] Parse
[2021-01-14 21:34:02Z INFO CommandLineParser] Parsing 1 args
[2021-01-14 21:34:02Z INFO CommandLineParser] parsing argument
[2021-01-14 21:34:02Z INFO CommandLineParser] HasArgs: False
[2021-01-14 21:34:02Z INFO CommandLineParser] Adding Command: run
[2021-01-14 21:34:02Z INFO Listener] Arguments parsed
[2021-01-14 21:34:02Z INFO Runner] ExecuteCommand
[2021-01-14 21:34:02Z INFO ConfigurationStore] currentAssemblyLocation: /home/pedro/Develop/teste-Actions/deploy/bin/Runner.Listener.dll
[2021-01-14 21:34:02Z INFO HostContext] Well known directory 'Bin': '/home/pedro/Develop/teste-Actions/deploy/bin'
[2021-01-14 21:34:02Z INFO ConfigurationStore] binPath: /home/pedro/Develop/teste-Actions/deploy/bin
[2021-01-14 21:34:02Z INFO HostContext] Well known directory 'Bin': '/home/pedro/Develop/teste-Actions/deploy/bin'
[2021-01-14 21:34:02Z INFO HostContext] Well known directory 'Root': '/home/pedro/Develop/teste-Actions/deploy'
[2021-01-14 21:34:02Z INFO ConfigurationStore] RootFolder: /home/pedro/Develop/teste-Actions/deploy
[2021-01-14 21:34:02Z INFO HostContext] Well known directory 'Bin': '/home/pedro/Develop/teste-Actions/deploy/bin'
[2021-01-14 21:34:02Z INFO HostContext] Well known directory 'Root': '/home/pedro/Develop/teste-Actions/deploy'
[2021-01-14 21:34:02Z INFO HostContext] Well known config file 'Runner': '/home/pedro/Develop/teste-Actions/deploy/.runner'
[2021-01-14 21:34:02Z INFO ConfigurationStore] ConfigFilePath: /home/pedro/Develop/teste-Actions/deploy/.runner
[2021-01-14 21:34:02Z INFO HostContext] Well known directory 'Bin': '/home/pedro/Develop/teste-Actions/deploy/bin'
[2021-01-14 21:34:02Z INFO HostContext] Well known directory 'Root': '/home/pedro/Develop/teste-Actions/deploy'
[2021-01-14 21:34:02Z INFO HostContext] Well known config file 'Credentials': '/home/pedro/Develop/teste-Actions/deploy/.credentials'
[2021-01-14 21:34:02Z INFO ConfigurationStore] CredFilePath: /home/pedro/Develop/teste-Actions/deploy/.credentials
[2021-01-14 21:34:02Z INFO HostContext] Well known directory 'Bin': '/home/pedro/Develop/teste-Actions/deploy/bin'
[2021-01-14 21:34:02Z INFO HostContext] Well known directory 'Root': '/home/pedro/Develop/teste-Actions/deploy'
[2021-01-14 21:34:02Z INFO HostContext] Well known config file 'MigratedCredentials': '/home/pedro/Develop/teste-Actions/deploy/.credentials_migrated'
[2021-01-14 21:34:02Z INFO ConfigurationStore] MigratedCredFilePath: /home/pedro/Develop/teste-Actions/deploy/.credentials_migrated
[2021-01-14 21:34:02Z INFO HostContext] Well known directory 'Bin': '/home/pedro/Develop/teste-Actions/deploy/bin'
[2021-01-14 21:34:02Z INFO HostContext] Well known directory 'Root': '/home/pedro/Develop/teste-Actions/deploy'
[2021-01-14 21:34:02Z INFO HostContext] Well known config file 'Service': '/home/pedro/Develop/teste-Actions/deploy/.service'
[2021-01-14 21:34:02Z INFO ConfigurationStore] ServiceConfigFilePath: /home/pedro/Develop/teste-Actions/deploy/.service
[2021-01-14 21:34:02Z INFO CommandSettings] Flag 'help': 'False'
[2021-01-14 21:34:02Z INFO CommandSettings] Flag 'version': 'False'
[2021-01-14 21:34:02Z INFO CommandSettings] Flag 'commit': 'False'
[2021-01-14 21:34:02Z INFO CommandSettings] Command 'configure': 'False'
[2021-01-14 21:34:02Z INFO CommandSettings] Command 'remove': 'False'
[2021-01-14 21:34:02Z INFO CommandSettings] Command 'warmup': 'False'
[2021-01-14 21:34:02Z INFO ConfigurationManager] LoadSettings
[2021-01-14 21:34:02Z INFO ConfigurationStore] IsConfigured()
[2021-01-14 21:34:02Z INFO ConfigurationStore] IsConfigured: True
[2021-01-14 21:34:02Z INFO ConfigurationManager] Is configured: True
[2021-01-14 21:34:02Z INFO ConfigurationStore] Read setting file: 292 chars
[2021-01-14 21:34:02Z INFO ConfigurationManager] Settings Loaded
[2021-01-14 21:34:02Z INFO ConfigurationStore] IsServiceConfigured()
[2021-01-14 21:34:02Z INFO ConfigurationStore] IsServiceConfigured: False
[2021-01-14 21:34:02Z INFO CommandSettings] Command 'run': 'True'
[2021-01-14 21:34:02Z INFO ConfigurationStore] IsConfigured()
[2021-01-14 21:34:02Z INFO ConfigurationStore] IsConfigured: True
[2021-01-14 21:34:02Z INFO ConfigurationManager] Is configured: True
[2021-01-14 21:34:02Z INFO Runner] Could not parse the argument value '' for StartupType. Defaulting to Manual
[2021-01-14 21:34:02Z INFO Runner] Set runner startup type - Manual
[2021-01-14 21:34:02Z INFO CommandSettings] Flag 'once': 'False'
[2021-01-14 21:34:02Z INFO Runner] RunAsync
[2021-01-14 21:34:02Z INFO ConfigurationManager] LoadSettings
[2021-01-14 21:34:02Z INFO ConfigurationStore] IsConfigured()
[2021-01-14 21:34:02Z INFO ConfigurationStore] IsConfigured: True
[2021-01-14 21:34:02Z INFO ConfigurationManager] Is configured: True
[2021-01-14 21:34:02Z INFO ConfigurationManager] Settings Loaded
[2021-01-14 21:34:02Z INFO MessageListener] {
  "AgentId": 2,
  "AgentName": "pedro-PC",
  "PoolId": 1,
  "PoolName": "Default",
  "ServerUrl": "https://pipelines.actions.githubusercontent.com/siI0BH1fO6YvbUsoa2AdRB97riB63y3RSQEcg3uAX8HoDESASM",
  "GitHubUrl": "https://github.com/PedroPCardoso/teste-Actions",
  "WorkFolder": "_work"
}
[2021-01-14 21:34:02Z INFO MessageListener] Loading Credentials
[2021-01-14 21:34:02Z INFO ConfigurationStore] HasCredentials()
[2021-01-14 21:34:02Z INFO ConfigurationStore] stored True
[2021-01-14 21:34:02Z INFO CredentialManager] GetCredentialProvider
[2021-01-14 21:34:02Z INFO CredentialManager] Creating type OAuth
[2021-01-14 21:34:02Z INFO CredentialManager] Creating credential type: OAuth
[2021-01-14 21:34:02Z INFO HostContext] Well known directory 'Bin': '/home/pedro/Develop/teste-Actions/deploy/bin'
[2021-01-14 21:34:02Z INFO HostContext] Well known directory 'Root': '/home/pedro/Develop/teste-Actions/deploy'
[2021-01-14 21:34:02Z INFO HostContext] Well known config file 'RSACredentials': '/home/pedro/Develop/teste-Actions/deploy/.credentials_rsaparams'
[2021-01-14 21:34:02Z INFO RSAFileKeyManager] Loading RSA key parameters from file /home/pedro/Develop/teste-Actions/deploy/.credentials_rsaparams
[2021-01-14 21:34:02Z INFO MessageListener] Attempt to create session.
[2021-01-14 21:34:02Z INFO MessageListener] Connecting to the Runner Server...
[2021-01-14 21:34:02Z INFO RunnerServer] Establish connection with 100 seconds timeout.
[2021-01-14 21:34:02Z INFO GitHubActionsService] Starting operation Location.GetConnectionData
[2021-01-14 21:34:02Z INFO RunnerServer] Establish connection with 60 seconds timeout.
[2021-01-14 21:34:02Z INFO GitHubActionsService] Starting operation Location.GetConnectionData
[2021-01-14 21:34:02Z INFO RunnerServer] Establish connection with 60 seconds timeout.
[2021-01-14 21:34:02Z INFO GitHubActionsService] Starting operation Location.GetConnectionData
[2021-01-14 21:34:03Z INFO GitHubActionsService] Finished operation Location.GetConnectionData
[2021-01-14 21:34:07Z INFO GitHubActionsService] Finished operation Location.GetConnectionData
[2021-01-14 21:34:09Z INFO GitHubActionsService] Finished operation Location.GetConnectionData
[2021-01-14 21:34:09Z INFO MessageListener] VssConnection created
[2021-01-14 21:34:09Z INFO Terminal] WRITE LINE: 
[2021-01-14 21:34:09Z INFO Terminal] WRITE LINE: 
[2021-01-14 21:34:09Z WARN GitHubActionsService] Authentication failed with status code 401.
WWW-Authenticate: Bearer
Strict-Transport-Security: max-age=2592000
X-TFS-ProcessId: 0121f096-25a0-421a-ae15-be70961aa5d7
ActivityId: 9dd72036-da09-4672-959a-8bf20b782201
X-TFS-Session: 891e7667-721d-4863-bd78-a1e2e9e491f2
X-VSS-E2EID: 7d6b7525-1728-48a1-84df-be9e280e6f36
X-VSS-SenderDeploymentId: 13a19993-c6bc-326c-afb4-32c5519f46f0
X-TFS-ServiceError: The+user+%27System%3aPublicAccess%3baaaaaaaa-aaaa-aaaa-aaaa-aaaaaaaaaaaa%27+is+not+authorized+to+access+this+resource.
X-VSS-S2STargetService: 0000005A-0000-8888-8000-000000000000/visualstudio.com
X-MSEdge-Ref: Ref A: C331372C8B8841DFAC1061C8CD206814 Ref B: SAO03EDGE0818 Ref C: 2021-01-14T21:34:09Z
Date: Thu, 14 Jan 2021 21:34:08 GMT

[2021-01-14 21:34:09Z INFO RSAFileKeyManager] Loading RSA key parameters from file /home/pedro/Develop/teste-Actions/deploy/.credentials_rsaparams
[2021-01-14 21:34:09Z INFO RSAFileKeyManager] Loading RSA key parameters from file /home/pedro/Develop/teste-Actions/deploy/.credentials_rsaparams
[2021-01-14 21:34:10Z INFO GitHubActionsService] AAD Correlation ID for this token request: Unknown
[2021-01-14 21:34:10Z INFO MessageListener] Session created.
[2021-01-14 21:34:10Z INFO Terminal] WRITE LINE: 2021-01-14 21:34:10Z: Listening for Jobs
[2021-01-14 21:34:10Z INFO JobDispatcher] Set runner/worker IPC timeout to 30 seconds.
