[2021-01-14 21:33:30Z INFO HostContext] No proxy settings were found based on environmental variables (http_proxy/https_proxy/HTTP_PROXY/HTTPS_PROXY)
[2021-01-14 21:33:30Z INFO HostContext] Well known directory 'Bin': '/home/pedro/Develop/teste-Actions/deploy/bin'
[2021-01-14 21:33:30Z INFO HostContext] Well known directory 'Root': '/home/pedro/Develop/teste-Actions/deploy'
[2021-01-14 21:33:30Z INFO HostContext] Well known config file 'Credentials': '/home/pedro/Develop/teste-Actions/deploy/.credentials'
[2021-01-14 21:33:30Z INFO Listener] Runner is built for Linux (X64) - linux-x64.
[2021-01-14 21:33:30Z INFO Listener] RuntimeInformation: Linux 5.4.70-amd64-desktop #1 SMP Wed Oct 14 15:24:23 CST 2020.
[2021-01-14 21:33:30Z INFO Listener] Version: 2.275.1
[2021-01-14 21:33:30Z INFO Listener] Commit: de955418e4e8e0c51546a8495d9236f24edc1321
[2021-01-14 21:33:30Z INFO Listener] Culture: pt-BR
[2021-01-14 21:33:30Z INFO Listener] UI Culture: pt-BR
[2021-01-14 21:33:30Z INFO HostContext] Well known directory 'Bin': '/home/pedro/Develop/teste-Actions/deploy/bin'
[2021-01-14 21:33:30Z INFO HostContext] Well known directory 'Root': '/home/pedro/Develop/teste-Actions/deploy'
[2021-01-14 21:33:30Z INFO Listener] Validating directory permissions for: '/home/pedro/Develop/teste-Actions/deploy'
[2021-01-14 21:33:30Z INFO CommandLineParser] Parse
[2021-01-14 21:33:30Z INFO CommandLineParser] Parsing 5 args
[2021-01-14 21:33:30Z INFO CommandLineParser] parsing argument
[2021-01-14 21:33:30Z INFO CommandLineParser] HasArgs: False
[2021-01-14 21:33:30Z INFO CommandLineParser] Adding Command: configure
[2021-01-14 21:33:30Z INFO CommandLineParser] parsing argument
[2021-01-14 21:33:30Z INFO CommandLineParser] HasArgs: True
[2021-01-14 21:33:30Z INFO CommandLineParser] arg: url
[2021-01-14 21:33:30Z INFO CommandLineParser] parsing argument
[2021-01-14 21:33:30Z INFO CommandLineParser] HasArgs: True
[2021-01-14 21:33:30Z INFO CommandLineParser] Adding option 'url': 'https://github.com/PedroPCardoso/teste-Actions'
[2021-01-14 21:33:30Z INFO CommandLineParser] parsing argument
[2021-01-14 21:33:30Z INFO CommandLineParser] HasArgs: True
[2021-01-14 21:33:30Z INFO CommandLineParser] arg: token
[2021-01-14 21:33:30Z INFO CommandLineParser] parsing argument
[2021-01-14 21:33:30Z INFO CommandLineParser] HasArgs: True
[2021-01-14 21:33:30Z INFO CommandLineParser] Adding option 'token': '***'
[2021-01-14 21:33:30Z INFO Listener] Arguments parsed
[2021-01-14 21:33:30Z INFO Runner] ExecuteCommand
[2021-01-14 21:33:30Z INFO ConfigurationStore] currentAssemblyLocation: /home/pedro/Develop/teste-Actions/deploy/bin/Runner.Listener.dll
[2021-01-14 21:33:30Z INFO HostContext] Well known directory 'Bin': '/home/pedro/Develop/teste-Actions/deploy/bin'
[2021-01-14 21:33:30Z INFO ConfigurationStore] binPath: /home/pedro/Develop/teste-Actions/deploy/bin
[2021-01-14 21:33:30Z INFO HostContext] Well known directory 'Bin': '/home/pedro/Develop/teste-Actions/deploy/bin'
[2021-01-14 21:33:30Z INFO HostContext] Well known directory 'Root': '/home/pedro/Develop/teste-Actions/deploy'
[2021-01-14 21:33:30Z INFO ConfigurationStore] RootFolder: /home/pedro/Develop/teste-Actions/deploy
[2021-01-14 21:33:30Z INFO HostContext] Well known directory 'Bin': '/home/pedro/Develop/teste-Actions/deploy/bin'
[2021-01-14 21:33:30Z INFO HostContext] Well known directory 'Root': '/home/pedro/Develop/teste-Actions/deploy'
[2021-01-14 21:33:30Z INFO HostContext] Well known config file 'Runner': '/home/pedro/Develop/teste-Actions/deploy/.runner'
[2021-01-14 21:33:30Z INFO ConfigurationStore] ConfigFilePath: /home/pedro/Develop/teste-Actions/deploy/.runner
[2021-01-14 21:33:30Z INFO HostContext] Well known directory 'Bin': '/home/pedro/Develop/teste-Actions/deploy/bin'
[2021-01-14 21:33:30Z INFO HostContext] Well known directory 'Root': '/home/pedro/Develop/teste-Actions/deploy'
[2021-01-14 21:33:30Z INFO HostContext] Well known config file 'Credentials': '/home/pedro/Develop/teste-Actions/deploy/.credentials'
[2021-01-14 21:33:30Z INFO ConfigurationStore] CredFilePath: /home/pedro/Develop/teste-Actions/deploy/.credentials
[2021-01-14 21:33:30Z INFO HostContext] Well known directory 'Bin': '/home/pedro/Develop/teste-Actions/deploy/bin'
[2021-01-14 21:33:30Z INFO HostContext] Well known directory 'Root': '/home/pedro/Develop/teste-Actions/deploy'
[2021-01-14 21:33:30Z INFO HostContext] Well known config file 'MigratedCredentials': '/home/pedro/Develop/teste-Actions/deploy/.credentials_migrated'
[2021-01-14 21:33:30Z INFO ConfigurationStore] MigratedCredFilePath: /home/pedro/Develop/teste-Actions/deploy/.credentials_migrated
[2021-01-14 21:33:30Z INFO HostContext] Well known directory 'Bin': '/home/pedro/Develop/teste-Actions/deploy/bin'
[2021-01-14 21:33:30Z INFO HostContext] Well known directory 'Root': '/home/pedro/Develop/teste-Actions/deploy'
[2021-01-14 21:33:30Z INFO HostContext] Well known config file 'Service': '/home/pedro/Develop/teste-Actions/deploy/.service'
[2021-01-14 21:33:30Z INFO ConfigurationStore] ServiceConfigFilePath: /home/pedro/Develop/teste-Actions/deploy/.service
[2021-01-14 21:33:30Z INFO CommandSettings] Flag 'help': 'False'
[2021-01-14 21:33:30Z INFO CommandSettings] Flag 'version': 'False'
[2021-01-14 21:33:30Z INFO CommandSettings] Flag 'commit': 'False'
[2021-01-14 21:33:30Z INFO CommandSettings] Command 'configure': 'True'
[2021-01-14 21:33:30Z INFO Terminal] WRITE LINE: 
[2021-01-14 21:33:30Z INFO Terminal] WRITE LINE: --------------------------------------------------------------------------------
[2021-01-14 21:33:30Z INFO Terminal] WRITE LINE: |        ____ _ _   _   _       _          _        _   _                      |
[2021-01-14 21:33:30Z INFO Terminal] WRITE LINE: |       / ___(_) |_| | | |_   _| |__      / \   ___| |_(_) ___  _ __  ___      |
[2021-01-14 21:33:30Z INFO Terminal] WRITE LINE: |      | |  _| | __| |_| | | | | '_ \    / _ \ / __| __| |/ _ \| '_ \/ __|     |
[2021-01-14 21:33:30Z INFO Terminal] WRITE LINE: |      | |_| | | |_|  _  | |_| | |_) |  / ___ \ (__| |_| | (_) | | | \__ \     |
[2021-01-14 21:33:30Z INFO Terminal] WRITE LINE: |       \____|_|\__|_| |_|\__,_|_.__/  /_/   \_\___|\__|_|\___/|_| |_|___/     |
[2021-01-14 21:33:30Z INFO Terminal] WRITE LINE: |                                                                              |
[2021-01-14 21:33:30Z INFO Terminal] WRITE: |                       
[2021-01-14 21:33:30Z INFO Terminal] WRITE: Self-hosted runner registration
[2021-01-14 21:33:30Z INFO Terminal] WRITE LINE:                         |
[2021-01-14 21:33:30Z INFO Terminal] WRITE LINE: |                                                                              |
[2021-01-14 21:33:30Z INFO Terminal] WRITE LINE: --------------------------------------------------------------------------------
[2021-01-14 21:33:30Z INFO ConfigurationManager] ConfigureAsync
[2021-01-14 21:33:30Z INFO ConfigurationStore] IsConfigured()
[2021-01-14 21:33:30Z INFO ConfigurationStore] IsConfigured: False
[2021-01-14 21:33:30Z INFO ConfigurationManager] Is configured: False
[2021-01-14 21:33:30Z INFO CommandSettings] Arg 'url': 'https://github.com/PedroPCardoso/teste-Actions'
[2021-01-14 21:33:30Z INFO CommandSettings] Remove url from Arg dictionary.
[2021-01-14 21:33:30Z INFO CommandSettings] Arg 'token': '***'
[2021-01-14 21:33:30Z INFO CommandSettings] Remove token from Arg dictionary.
[2021-01-14 21:33:36Z INFO ConfigurationManager] Http response code: OK from 'POST https://api.github.com/actions/runner-registration'
[2021-01-14 21:33:36Z INFO ConfigurationManager] cred retrieved via GitHub auth
[2021-01-14 21:33:36Z INFO RunnerServer] Establish connection with 100 seconds timeout.
[2021-01-14 21:33:36Z INFO GitHubActionsService] Starting operation Location.GetConnectionData
[2021-01-14 21:33:36Z INFO RunnerServer] Establish connection with 60 seconds timeout.
[2021-01-14 21:33:36Z INFO GitHubActionsService] Starting operation Location.GetConnectionData
[2021-01-14 21:33:36Z INFO RunnerServer] Establish connection with 60 seconds timeout.
[2021-01-14 21:33:36Z INFO GitHubActionsService] Starting operation Location.GetConnectionData
[2021-01-14 21:33:37Z INFO GitHubActionsService] Finished operation Location.GetConnectionData
[2021-01-14 21:33:37Z INFO GitHubActionsService] Finished operation Location.GetConnectionData
[2021-01-14 21:33:42Z INFO GitHubActionsService] Finished operation Location.GetConnectionData
[2021-01-14 21:33:42Z INFO Terminal] WRITE LINE: 
[2021-01-14 21:33:42Z INFO ConfigurationManager] Test Connection complete.
[2021-01-14 21:33:42Z INFO HostContext] Well known directory 'Bin': '/home/pedro/Develop/teste-Actions/deploy/bin'
[2021-01-14 21:33:42Z INFO HostContext] Well known directory 'Root': '/home/pedro/Develop/teste-Actions/deploy'
[2021-01-14 21:33:42Z INFO HostContext] Well known config file 'RSACredentials': '/home/pedro/Develop/teste-Actions/deploy/.credentials_rsaparams'
[2021-01-14 21:33:42Z INFO RSAFileKeyManager] Creating new RSA key using 2048-bit key length
[2021-01-14 21:33:42Z INFO RSAFileKeyManager] Successfully saved RSA key parameters to file /home/pedro/Develop/teste-Actions/deploy/.credentials_rsaparams
[2021-01-14 21:33:42Z INFO RSAFileKeyManager] Which: 'chmod'
[2021-01-14 21:33:42Z INFO RSAFileKeyManager] Location: '/usr/bin/chmod'
[2021-01-14 21:33:42Z INFO HostContext] Well known directory 'Bin': '/home/pedro/Develop/teste-Actions/deploy/bin'
[2021-01-14 21:33:42Z INFO HostContext] Well known directory 'Root': '/home/pedro/Develop/teste-Actions/deploy'
[2021-01-14 21:33:42Z INFO ProcessInvokerWrapper] Starting process:
[2021-01-14 21:33:42Z INFO ProcessInvokerWrapper]   File name: '/usr/bin/chmod'
[2021-01-14 21:33:42Z INFO ProcessInvokerWrapper]   Arguments: '600 /home/pedro/Develop/teste-Actions/deploy/.credentials_rsaparams'
[2021-01-14 21:33:42Z INFO ProcessInvokerWrapper]   Working directory: '/home/pedro/Develop/teste-Actions/deploy'
[2021-01-14 21:33:42Z INFO ProcessInvokerWrapper]   Require exit code zero: 'False'
[2021-01-14 21:33:42Z INFO ProcessInvokerWrapper]   Encoding web name:  ; code page: ''
[2021-01-14 21:33:42Z INFO ProcessInvokerWrapper]   Force kill process on cancellation: 'False'
[2021-01-14 21:33:42Z INFO ProcessInvokerWrapper]   Redirected STDIN: 'False'
[2021-01-14 21:33:42Z INFO ProcessInvokerWrapper]   Persist current code page: 'False'
[2021-01-14 21:33:42Z INFO ProcessInvokerWrapper]   Keep redirected STDIN open: 'False'
[2021-01-14 21:33:42Z INFO ProcessInvokerWrapper]   High priority process: 'False'
[2021-01-14 21:33:42Z INFO ProcessInvokerWrapper] Failed to update oom_score_adj for PID: 21898.
[2021-01-14 21:33:42Z INFO ProcessInvokerWrapper] System.UnauthorizedAccessException: Access to the path '/proc/21898/oom_score_adj' is denied.
 ---> System.IO.IOException: Permission denied
   --- End of inner exception stack trace ---
   at Interop.ThrowExceptionForIoErrno(ErrorInfo errorInfo, String path, Boolean isDirectory, Func`2 errorRewriter)
   at Microsoft.Win32.SafeHandles.SafeFileHandle.Open(String path, OpenFlags flags, Int32 mode)
   at System.IO.FileStream.OpenHandle(FileMode mode, FileShare share, FileOptions options)
   at System.IO.FileStream..ctor(String path, FileMode mode, FileAccess access, FileShare share, Int32 bufferSize, FileOptions options)
   at System.IO.StreamWriter.ValidateArgsAndOpenPath(String path, Boolean append, Encoding encoding, Int32 bufferSize)
   at System.IO.StreamWriter..ctor(String path)
   at System.IO.File.WriteAllText(String path, String contents)
   at GitHub.Runner.Sdk.ProcessInvoker.WriteProcessOomScoreAdj(Int32 processId, Int32 oomScoreAdj)
[2021-01-14 21:33:42Z INFO ProcessInvokerWrapper] Process started with process id 21898, waiting for process exit.
[2021-01-14 21:33:42Z INFO ProcessInvokerWrapper] STDOUT/STDERR stream read finished.
[2021-01-14 21:33:42Z INFO ProcessInvokerWrapper] STDOUT/STDERR stream read finished.
[2021-01-14 21:33:42Z INFO ProcessInvokerWrapper] Finished process 21898 with exit code 0, and elapsed time 00:00:00.0184277.
[2021-01-14 21:33:42Z INFO RSAFileKeyManager] Successfully set permissions for RSA key parameters file /home/pedro/Develop/teste-Actions/deploy/.credentials_rsaparams
[2021-01-14 21:33:42Z INFO ConfigurationManager] Found a self-hosted runner group with id {1} and name {2} 1, Default
[2021-01-14 21:33:42Z INFO CommandSettings] Arg 'name': ''
[2021-01-14 21:33:42Z INFO CommandSettings] Flag 'unattended': 'False'
[2021-01-14 21:33:42Z INFO PromptManager] ReadValue
[2021-01-14 21:33:42Z INFO Terminal] WRITE: Enter the name of runner: 
[2021-01-14 21:33:42Z INFO Terminal] WRITE: [press Enter for pedro-PC] 
[2021-01-14 21:33:42Z INFO Terminal] READ LINE
[2021-01-14 21:33:44Z INFO Terminal] Read value: ''
[2021-01-14 21:33:44Z INFO PromptManager] Falling back to the default: 'pedro-PC'
[2021-01-14 21:33:44Z INFO Terminal] WRITE LINE: 
[2021-01-14 21:33:44Z INFO CommandSettings] Arg 'labels': ''
[2021-01-14 21:33:44Z INFO CommandSettings] Flag 'unattended': 'False'
[2021-01-14 21:33:44Z INFO PromptManager] ReadValue
[2021-01-14 21:33:44Z INFO Terminal] WRITE: This runner will have the following labels: 'self-hosted', 'Linux', 'X64' 
Enter any additional labels (ex. label-1,label-2): 
[2021-01-14 21:33:44Z INFO Terminal] WRITE: [press Enter to skip] 
[2021-01-14 21:33:44Z INFO Terminal] READ LINE
[2021-01-14 21:33:45Z INFO Terminal] Read value: ''
[2021-01-14 21:33:45Z INFO Terminal] WRITE LINE: 
[2021-01-14 21:33:45Z INFO ConfigurationStore] Saving OAuth credential @ /home/pedro/Develop/teste-Actions/deploy/.credentials
[2021-01-14 21:33:45Z INFO ConfigurationStore] Credentials Saved.
[2021-01-14 21:33:45Z INFO ConfigurationStore] HasCredentials()
[2021-01-14 21:33:45Z INFO ConfigurationStore] stored True
[2021-01-14 21:33:45Z INFO CredentialManager] GetCredentialProvider
[2021-01-14 21:33:45Z INFO CredentialManager] Creating type OAuth
[2021-01-14 21:33:45Z INFO CredentialManager] Creating credential type: OAuth
[2021-01-14 21:33:45Z INFO RSAFileKeyManager] Loading RSA key parameters from file /home/pedro/Develop/teste-Actions/deploy/.credentials_rsaparams
[2021-01-14 21:33:45Z INFO RunnerServer] Establish connection with 100 seconds timeout.
[2021-01-14 21:33:45Z INFO GitHubActionsService] Starting operation Location.GetConnectionData
[2021-01-14 21:33:45Z INFO RunnerServer] Establish connection with 60 seconds timeout.
[2021-01-14 21:33:46Z INFO GitHubActionsService] Starting operation Location.GetConnectionData
[2021-01-14 21:33:46Z INFO RunnerServer] Establish connection with 60 seconds timeout.
[2021-01-14 21:33:46Z INFO GitHubActionsService] Starting operation Location.GetConnectionData
[2021-01-14 21:33:46Z INFO GitHubActionsService] Finished operation Location.GetConnectionData
[2021-01-14 21:33:46Z INFO GitHubActionsService] Finished operation Location.GetConnectionData
[2021-01-14 21:33:51Z INFO GitHubActionsService] Finished operation Location.GetConnectionData
[2021-01-14 21:33:51Z WARN GitHubActionsService] Authentication failed with status code 401.
WWW-Authenticate: Bearer
Strict-Transport-Security: max-age=2592000
X-TFS-ProcessId: 93ce7c8e-8b60-4f01-8984-1785c880697f
ActivityId: f93e399b-d575-4afc-b7f6-f7875653a8b0
X-TFS-Session: 9e646b44-8b03-4c08-8ec6-2be1fd602a12
X-VSS-E2EID: 735151e1-8d17-458f-b064-ac183708ac3f
X-VSS-SenderDeploymentId: 13a19993-c6bc-326c-afb4-32c5519f46f0
X-TFS-ServiceError: The+user+%27System%3aPublicAccess%3baaaaaaaa-aaaa-aaaa-aaaa-aaaaaaaaaaaa%27+is+not+authorized+to+access+this+resource.
X-VSS-S2STargetService: 0000005A-0000-8888-8000-000000000000/visualstudio.com
X-MSEdge-Ref: Ref A: DB2C079985D14A2EAFC704A62B76090C Ref B: SAO03EDGE0306 Ref C: 2021-01-14T21:33:51Z
Date: Thu, 14 Jan 2021 21:33:51 GMT

[2021-01-14 21:33:51Z INFO RSAFileKeyManager] Loading RSA key parameters from file /home/pedro/Develop/teste-Actions/deploy/.credentials_rsaparams
[2021-01-14 21:33:51Z INFO RSAFileKeyManager] Loading RSA key parameters from file /home/pedro/Develop/teste-Actions/deploy/.credentials_rsaparams
[2021-01-14 21:33:52Z INFO GitHubActionsService] AAD Correlation ID for this token request: Unknown
[2021-01-14 21:33:52Z INFO CommandSettings] Arg 'work': ''
[2021-01-14 21:33:52Z INFO CommandSettings] Flag 'unattended': 'False'
[2021-01-14 21:33:52Z INFO PromptManager] ReadValue
[2021-01-14 21:33:52Z INFO Terminal] WRITE: Enter name of work folder: 
[2021-01-14 21:33:52Z INFO Terminal] WRITE: [press Enter for _work] 
[2021-01-14 21:33:52Z INFO Terminal] READ LINE
[2021-01-14 21:33:59Z INFO Terminal] Read value: ''
[2021-01-14 21:33:59Z INFO PromptManager] Falling back to the default: '_work'
[2021-01-14 21:33:59Z INFO ConfigurationStore] Saving runner settings.
[2021-01-14 21:33:59Z INFO ConfigurationStore] Settings Saved.
[2021-01-14 21:33:59Z INFO Terminal] WRITE LINE: 
[2021-01-14 21:33:59Z INFO Terminal] WRITE LINE: 
[2021-01-14 21:33:59Z INFO SystemDControlManager] Service name 'actions.runner.PedroPCardoso-teste-Actions.pedro-PC.service' display name 'GitHub Actions Runner (PedroPCardoso-teste-Actions.pedro-PC)' will be used for service configuration.
[2021-01-14 21:33:59Z INFO HostContext] Well known directory 'Bin': '/home/pedro/Develop/teste-Actions/deploy/bin'
[2021-01-14 21:33:59Z INFO HostContext] Well known directory 'Root': '/home/pedro/Develop/teste-Actions/deploy'
[2021-01-14 21:33:59Z INFO HostContext] Well known directory 'Bin': '/home/pedro/Develop/teste-Actions/deploy/bin'
[2021-01-14 21:33:59Z INFO HostContext] Well known directory 'Bin': '/home/pedro/Develop/teste-Actions/deploy/bin'
[2021-01-14 21:33:59Z INFO HostContext] Well known directory 'Root': '/home/pedro/Develop/teste-Actions/deploy'
[2021-01-14 21:33:59Z INFO UnixUtil] Which: 'chmod'
[2021-01-14 21:33:59Z INFO UnixUtil] Location: '/usr/bin/chmod'
[2021-01-14 21:33:59Z INFO UnixUtil] Running /usr/bin/chmod 755 "/home/pedro/Develop/teste-Actions/deploy/svc.sh"
[2021-01-14 21:33:59Z INFO ProcessInvokerWrapper] Starting process:
[2021-01-14 21:33:59Z INFO ProcessInvokerWrapper]   File name: '/usr/bin/chmod'
[2021-01-14 21:33:59Z INFO ProcessInvokerWrapper]   Arguments: '755 "/home/pedro/Develop/teste-Actions/deploy/svc.sh"'
[2021-01-14 21:33:59Z INFO ProcessInvokerWrapper]   Working directory: '/home/pedro/Develop/teste-Actions/deploy'
[2021-01-14 21:33:59Z INFO ProcessInvokerWrapper]   Require exit code zero: 'True'
[2021-01-14 21:33:59Z INFO ProcessInvokerWrapper]   Encoding web name:  ; code page: ''
[2021-01-14 21:33:59Z INFO ProcessInvokerWrapper]   Force kill process on cancellation: 'False'
[2021-01-14 21:33:59Z INFO ProcessInvokerWrapper]   Redirected STDIN: 'False'
[2021-01-14 21:33:59Z INFO ProcessInvokerWrapper]   Persist current code page: 'False'
[2021-01-14 21:33:59Z INFO ProcessInvokerWrapper]   Keep redirected STDIN open: 'False'
[2021-01-14 21:33:59Z INFO ProcessInvokerWrapper]   High priority process: 'False'
[2021-01-14 21:33:59Z INFO ProcessInvokerWrapper] Updated oom_score_adj to 500 for PID: 23142.
[2021-01-14 21:33:59Z INFO ProcessInvokerWrapper] STDOUT/STDERR stream read finished.
[2021-01-14 21:33:59Z INFO ProcessInvokerWrapper] STDOUT/STDERR stream read finished.
[2021-01-14 21:33:59Z INFO ProcessInvokerWrapper] Process started with process id 23142, waiting for process exit.
[2021-01-14 21:33:59Z INFO ProcessInvokerWrapper] Finished process 23142 with exit code 0, and elapsed time 00:00:00.0031154.
[2021-01-14 21:33:59Z INFO Listener] Runner execution has finished with return code 0
